This is pdfTeX, Version 3.1415926-2.3-1.40.12 (MiKTeX 2.9 64-bit) (preloaded format=pdftex 2011.10.18)  1 MAR 2016 00:22
entering extended mode
**F:/Dropbox/thesis/bibliography.bib
(F:/Dropbox/thesis/bibliography.bib
! Missing $ inserted.
<inserted text> 
                $
<to be read again> 
                   _
l.13 @misc{spaceflight_
                       antares,
? 
! Emergency stop.
<inserted text> 
                $
<to be read again> 
                   _
l.13 @misc{spaceflight_
                       antares,
End of file on the terminal!

!  ==> Fatal error occurred, no output PDF file produced!
