\BOOKMARK [0][-]{dummy.1}{\376\377\000D\000e\000c\000l\000a\000r\000a\000t\000i\000o\000n\000\040\000o\000f\000\040\000A\000u\000t\000h\000o\000r\000s\000h\000i\000p}{}% 1
\BOOKMARK [0][-]{dummy.2}{\376\377\000A\000b\000s\000t\000r\000a\000c\000t}{}% 2
\BOOKMARK [0][-]{dummy.3}{\376\377\000A\000c\000k\000n\000o\000w\000l\000e\000d\000g\000e\000m\000e\000n\000t\000s}{}% 3
\BOOKMARK [0][-]{dummy.5}{\376\377\000L\000i\000s\000t\000\040\000o\000f\000\040\000F\000i\000g\000u\000r\000e\000s}{}% 4
\BOOKMARK [0][-]{dummy.7}{\376\377\000L\000i\000s\000t\000\040\000o\000f\000\040\000T\000a\000b\000l\000e\000s}{}% 5
\BOOKMARK [0][-]{dummy.9}{\376\377\000A\000b\000b\000r\000e\000v\000i\000a\000t\000i\000o\000n\000s}{}% 6
\BOOKMARK [0][-]{dummy.12}{\376\377\000P\000h\000y\000s\000i\000c\000a\000l\000\040\000C\000o\000n\000s\000t\000a\000n\000t\000s}{}% 7
\BOOKMARK [0][-]{dummy.15}{\376\377\000S\000y\000m\000b\000o\000l\000s}{}% 8
\BOOKMARK [0][-]{chapter.18}{\376\377\0001\000\040\000I\000n\000t\000r\000o\000d\000u\000c\000t\000i\000o\000n}{}% 9
\BOOKMARK [0][-]{chapter.19}{\376\377\0002\000\040\000B\000a\000c\000k\000g\000r\000o\000u\000n\000d\000\040\000i\000n\000\040\000F\000a\000u\000l\000t\000\040\000D\000e\000t\000e\000c\000t\000i\000o\000n\000,\000\040\000I\000s\000o\000l\000a\000t\000i\000o\000n\000\040\000a\000n\000d\000\040\000R\000e\000c\000o\000v\000e\000r\000y}{}% 10
\BOOKMARK [1][-]{section.20}{\376\377\0002\000.\0001\000\040\000G\000o\000a\000l\000s\000\040\000a\000n\000d\000\040\000D\000e\000f\000i\000n\000i\000t\000i\000o\000n\000s}{chapter.19}% 11
\BOOKMARK [1][-]{section.21}{\376\377\0002\000.\0002\000\040\000M\000o\000d\000e\000l\000-\000B\000a\000s\000e\000d\000\040\000F\000D\000I\000R}{chapter.19}% 12
\BOOKMARK [2][-]{subsection.22}{\376\377\0002\000.\0002\000.\0001\000\040\000S\000y\000s\000t\000e\000m\000\040\000M\000o\000d\000e\000l\000-\000B\000a\000s\000e\000d\000\040\000F\000D\000I\000R}{section.21}% 13
\BOOKMARK [2][-]{subsection.23}{\376\377\0002\000.\0002\000.\0002\000\040\000R\000u\000l\000e\000-\000B\000a\000s\000e\000d\000\040\000F\000D\000I\000R}{section.21}% 14
\BOOKMARK [2][-]{subsection.24}{\376\377\0002\000.\0002\000.\0003\000\040\000R\000e\000s\000i\000d\000u\000a\000l\000\040\000G\000e\000n\000e\000r\000a\000t\000i\000o\000n}{section.21}% 15
\BOOKMARK [1][-]{section.25}{\376\377\0002\000.\0003\000\040\000F\000a\000u\000l\000t\000\040\000F\000i\000l\000t\000e\000r\000i\000n\000g\000\040\000a\000n\000d\000\040\000S\000t\000a\000t\000e\000\040\000O\000b\000s\000e\000r\000v\000a\000t\000i\000o\000n}{chapter.19}% 16
\BOOKMARK [2][-]{subsection.26}{\376\377\0002\000.\0003\000.\0001\000\040\000F\000u\000l\000l\000-\000S\000t\000a\000t\000e\000\040\000O\000b\000s\000e\000r\000v\000e\000r\000\040\000F\000a\000u\000l\000t\000\040\000F\000i\000l\000t\000e\000r\000s}{section.25}% 17
\BOOKMARK [2][-]{subsection.27}{\376\377\0002\000.\0003\000.\0002\000\040\000P\000a\000r\000i\000t\000y\000-\000S\000p\000a\000c\000e\000\040\000F\000i\000l\000t\000e\000r\000i\000n\000g}{section.25}% 18
\BOOKMARK [2][-]{subsection.28}{\376\377\0002\000.\0003\000.\0003\000\040\000K\000a\000l\000m\000a\000n\000\040\000F\000i\000l\000t\000e\000r\000i\000n\000g\000\040\000f\000o\000r\000\040\000F\000D\000I\000R}{section.25}% 19
\BOOKMARK [1][-]{section.29}{\376\377\0002\000.\0004\000\040\000R\000e\000d\000u\000n\000d\000a\000n\000c\000y\000\040\000a\000n\000d\000\040\000V\000o\000t\000i\000n\000g\000\040\000S\000y\000s\000t\000e\000m\000s}{chapter.19}% 20
\BOOKMARK [1][-]{section.30}{\376\377\0002\000.\0005\000\040\000A\000d\000v\000a\000n\000c\000e\000d\000\040\000T\000e\000c\000h\000n\000i\000q\000u\000e\000s\000\040\000f\000o\000r\000\040\000F\000a\000u\000l\000t\000\040\000D\000e\000t\000e\000c\000t\000i\000o\000n}{chapter.19}% 21
\BOOKMARK [2][-]{subsection.31}{\376\377\0002\000.\0005\000.\0001\000\040\000F\000a\000u\000l\000t\000\040\000S\000y\000n\000d\000r\000o\000m\000e\000s}{section.30}% 22
\BOOKMARK [2][-]{subsection.32}{\376\377\0002\000.\0005\000.\0002\000\040\000M\000a\000c\000h\000i\000n\000e\000\040\000L\000e\000a\000r\000n\000i\000n\000g\000\040\000a\000n\000d\000\040\000C\000l\000a\000s\000s\000i\000f\000i\000c\000a\000t\000i\000o\000n}{section.30}% 23
\BOOKMARK [2][-]{subsection.33}{\376\377\0002\000.\0005\000.\0003\000\040\000D\000i\000s\000t\000r\000i\000b\000u\000t\000e\000d\000\040\000F\000a\000u\000l\000t\000\040\000C\000o\000n\000t\000r\000o\000l}{section.30}% 24
\BOOKMARK [2][-]{subsection.34}{\376\377\0002\000.\0005\000.\0004\000\040\000C\000o\000m\000m\000o\000n\000\040\000F\000D\000I\000R\000\040\000I\000s\000s\000u\000e\000s}{section.30}% 25
\BOOKMARK [0][-]{chapter.35}{\376\377\0003\000\040\000C\000o\000r\000r\000e\000l\000a\000t\000i\000v\000e\000\040\000A\000n\000a\000l\000y\000s\000i\000s}{}% 26
\BOOKMARK [1][-]{section.36}{\376\377\0003\000.\0001\000\040\000C\000o\000r\000r\000e\000l\000a\000t\000i\000o\000n\000\040\000f\000o\000r\000\040\000F\000a\000u\000l\000t\000\040\000A\000n\000a\000l\000y\000s\000i\000s\000:\000\040\000M\000o\000t\000i\000v\000a\000t\000i\000o\000n}{chapter.35}% 27
\BOOKMARK [2][-]{subsection.37}{\376\377\0003\000.\0001\000.\0001\000\040\000C\000o\000v\000a\000r\000i\000a\000n\000c\000e\000\040\000M\000a\000t\000r\000i\000c\000e\000s}{section.36}% 28
\BOOKMARK [2][-]{subsection.39}{\376\377\0003\000.\0001\000.\0002\000\040\000P\000e\000a\000r\000s\000o\000n\000\040\000C\000o\000r\000r\000e\000l\000a\000t\000i\000o\000n\000\040\000C\000o\000e\000f\000f\000i\000c\000i\000e\000n\000t}{section.36}% 29
\BOOKMARK [2][-]{subsection.41}{\376\377\0003\000.\0001\000.\0003\000\040\000S\000p\000e\000a\000r\000m\000a\000n\000\040\000R\000a\000n\000k\000\040\000C\000o\000r\000r\000e\000l\000a\000t\000i\000o\000n\000\040\000C\000o\000e\000f\000f\000i\000c\000i\000e\000n\000t\000\040\000\050\000\051}{section.36}% 30
\BOOKMARK [2][-]{subsection.43}{\376\377\0003\000.\0001\000.\0004\000\040\000K\000e\000n\000d\000a\000l\000l\000\040\000R\000a\000n\000k\000\040\000C\000o\000r\000r\000e\000l\000a\000t\000i\000o\000n\000\040\000C\000o\000e\000f\000f\000i\000c\000i\000e\000n\000t\000\040\000\050\000\051}{section.36}% 31
\BOOKMARK [1][-]{section.45}{\376\377\0003\000.\0002\000\040\000L\000i\000m\000i\000t\000a\000t\000i\000o\000n\000s\000\040\000o\000f\000\040\000T\000r\000a\000d\000i\000t\000i\000o\000n\000a\000l\000\040\000C\000o\000r\000r\000e\000l\000a\000t\000i\000v\000e\000\040\000T\000e\000c\000h\000n\000i\000q\000u\000e\000s}{chapter.35}% 32
\BOOKMARK [2][-]{subsection.46}{\376\377\0003\000.\0002\000.\0001\000\040\000L\000i\000n\000e\000a\000r\000i\000t\000y\000\040\000A\000s\000s\000u\000m\000p\000t\000i\000o\000n\000s}{section.45}% 33
\BOOKMARK [2][-]{subsection.47}{\376\377\0003\000.\0002\000.\0002\000\040\000I\000m\000p\000l\000i\000e\000d\000\040\000C\000a\000u\000s\000a\000t\000i\000o\000n}{section.45}% 34
\BOOKMARK [0][-]{chapter.49}{\376\377\0004\000\040\000V\000i\000s\000u\000a\000l\000i\000z\000a\000t\000i\000o\000n\000\040\000o\000f\000\040\000C\000o\000r\000r\000e\000l\000a\000t\000i\000v\000e\000\040\000R\000e\000l\000a\000t\000i\000o\000n\000s\000h\000i\000p\000s}{}% 35
\BOOKMARK [1][-]{section.50}{\376\377\0004\000.\0001\000\040\000C\000h\000a\000l\000l\000e\000n\000g\000e\000s}{chapter.49}% 36
\BOOKMARK [1][-]{section.51}{\376\377\0004\000.\0002\000\040\000C\000o\000r\000r\000g\000r\000a\000m\000s}{chapter.49}% 37
\BOOKMARK [2][-]{subsection.52}{\376\377\0004\000.\0002\000.\0001\000\040\000L\000i\000m\000i\000t\000a\000t\000i\000o\000n\000s}{section.51}% 38
\BOOKMARK [2][-]{subsection.53}{\376\377\0004\000.\0002\000.\0002\000\040\000C\000o\000r\000r\000g\000r\000a\000m\000\040\000E\000x\000a\000m\000p\000l\000e}{section.51}% 39
\BOOKMARK [1][-]{section.55}{\376\377\0004\000.\0003\000\040\000A\000n\000i\000m\000a\000t\000e\000d\000\040\000C\000o\000r\000r\000g\000r\000a\000m\000s}{chapter.49}% 40
\BOOKMARK [0][-]{chapter.56}{\376\377\0005\000\040\000C\000a\000s\000e\000\040\000S\000t\000u\000d\000y\000:\000\040\000H\000a\000k\000u\000t\000o\000\040\000`\000`\000M\000o\000o\000n\000r\000a\000k\000e\000r\000"\000\040\000L\000u\000n\000a\000r\000\040\000R\000o\000v\000e\000r}{}% 41
\BOOKMARK [1][-]{section.57}{\376\377\0005\000.\0001\000\040\000H\000A\000K\000U\000T\000O\000\040\000L\000u\000n\000a\000r\000\040\000X\000P\000R\000I\000Z\000E\000\040\000T\000e\000a\000m}{chapter.56}% 42
\BOOKMARK [1][-]{section.59}{\376\377\0005\000.\0002\000\040\000G\000r\000o\000u\000n\000d\000\040\000S\000t\000a\000t\000i\000o\000n\000\040\000I\000n\000t\000e\000r\000f\000a\000c\000e}{chapter.56}% 43
\BOOKMARK [1][-]{section.60}{\376\377\0005\000.\0003\000\040\000R\000o\000v\000e\000r\000\040\000D\000a\000t\000a\000\040\000P\000a\000t\000h}{chapter.56}% 44
\BOOKMARK [2][-]{subsection.62}{\376\377\0005\000.\0003\000.\0001\000\040\000N\000o\000n\000-\000F\000D\000I\000R\000-\000R\000e\000l\000a\000t\000e\000d\000\040\000C\000o\000m\000p\000o\000n\000e\000n\000t\000s}{section.60}% 45
\BOOKMARK [2][-]{subsection.63}{\376\377\0005\000.\0003\000.\0002\000\040\000F\000D\000I\000R\000-\000R\000e\000l\000a\000t\000e\000d\000\040\000C\000o\000m\000p\000o\000n\000e\000n\000t\000s}{section.60}% 46
\BOOKMARK [3][-]{subsubsection.64}{\376\377\0005\000.\0003\000.\0002\000.\0001\000\040\000T\000h\000r\000e\000s\000h\000o\000l\000d\000-\000b\000a\000s\000e\000d\000\040\000f\000a\000u\000l\000t\000\040\000d\000e\000t\000e\000c\000t\000i\000o\000n}{subsection.63}% 47
\BOOKMARK [3][-]{subsubsection.66}{\376\377\0005\000.\0003\000.\0002\000.\0002\000\040\000F\000a\000u\000l\000t\000\040\000a\000l\000e\000r\000t\000\040\000p\000a\000n\000e\000l}{subsection.63}% 48
\BOOKMARK [3][-]{subsubsection.68}{\376\377\0005\000.\0003\000.\0002\000.\0003\000\040\000E\000x\000p\000e\000r\000t\000\040\000f\000a\000u\000l\000t\000\040\000i\000n\000f\000o\000r\000m\000a\000t\000i\000o\000n}{subsection.63}% 49
\BOOKMARK [3][-]{subsubsection.70}{\376\377\0005\000.\0003\000.\0002\000.\0004\000\040\000C\000o\000r\000r\000e\000l\000a\000t\000i\000v\000e\000\040\000F\000u\000n\000c\000t\000i\000o\000n\000a\000l\000i\000t\000y}{subsection.63}% 50
\BOOKMARK [1][-]{section.73}{\376\377\0005\000.\0004\000\040\000T\000e\000s\000t\000i\000n\000g}{chapter.56}% 51
\BOOKMARK [2][-]{subsection.74}{\376\377\0005\000.\0004\000.\0001\000\040\000F\000i\000e\000l\000d\000\040\000T\000e\000s\000t\000i\000n\000g}{section.73}% 52
\BOOKMARK [2][-]{subsection.77}{\376\377\0005\000.\0004\000.\0002\000\040\000U\000s\000a\000b\000i\000l\000i\000t\000y\000\040\000T\000e\000s\000t\000i\000n\000g}{section.73}% 53
\BOOKMARK [3][-]{subsubsection.79}{\376\377\0005\000.\0004\000.\0002\000.\0001\000\040\000T\000e\000s\000t\000\040\000T\000a\000s\000k\000s}{subsection.77}% 54
\BOOKMARK [0][-]{chapter.80}{\376\377\0006\000\040\000I\000n\000t\000e\000r\000m\000e\000d\000i\000a\000t\000e\000\040\000R\000e\000s\000u\000l\000t\000s\000\040\000a\000n\000d\000\040\000R\000e\000a\000s\000s\000e\000s\000s\000m\000e\000n\000t}{}% 55
\BOOKMARK [1][-]{section.81}{\376\377\0006\000.\0001\000\040\000F\000i\000e\000l\000d\000\040\000T\000e\000s\000t\000\040\000R\000e\000s\000u\000l\000t\000s}{chapter.80}% 56
\BOOKMARK [1][-]{section.82}{\376\377\0006\000.\0002\000\040\000U\000s\000a\000b\000i\000l\000i\000t\000y\000\040\000T\000e\000s\000t\000\040\000R\000e\000s\000u\000l\000t\000s}{chapter.80}% 57
\BOOKMARK [1][-]{section.83}{\376\377\0006\000.\0003\000\040\000I\000m\000p\000r\000o\000v\000e\000m\000e\000n\000t\000s\000\040\000a\000n\000d\000\040\000A\000d\000d\000i\000t\000i\000o\000n\000s}{chapter.80}% 58
\BOOKMARK [0][-]{chapter.84}{\376\377\0007\000\040\000A\000n\000a\000l\000y\000t\000i\000c\000a\000l\000\040\000a\000n\000d\000\040\000V\000i\000s\000u\000a\000l\000i\000z\000a\000t\000i\000o\000n\000\040\000I\000m\000p\000r\000o\000v\000e\000m\000e\000n\000t\000s\000\040\000i\000n\000\040\000R\000e\000s\000p\000o\000n\000s\000e\000\040\000t\000o\000\040\000I\000n\000t\000e\000r\000m\000e\000d\000i\000a\000t\000e\000\040\000T\000e\000s\000t\000\040\000D\000a\000t\000a}{}% 59
\BOOKMARK [1][-]{section.85}{\376\377\0007\000.\0001\000\040\000D\000i\000m\000e\000n\000s\000i\000o\000n\000a\000l\000\040\000R\000e\000d\000u\000c\000t\000i\000o\000n}{chapter.84}% 60
\BOOKMARK [2][-]{subsection.86}{\376\377\0007\000.\0001\000.\0001\000\040\000S\000i\000n\000g\000u\000l\000a\000r\000\040\000V\000a\000l\000u\000e\000\040\000D\000e\000c\000o\000m\000p\000o\000s\000i\000t\000i\000o\000n\000\040\000a\000n\000d\000\040\000P\000C\000A}{section.85}% 61
\BOOKMARK [2][-]{subsection.88}{\376\377\0007\000.\0001\000.\0002\000\040\000A\000p\000p\000l\000y\000i\000n\000g\000\040\000P\000C\000A\000\040\000t\000o\000\040\000R\000a\000w\000\040\000T\000e\000l\000e\000m\000e\000t\000r\000y\000\040\000a\000n\000d\000\040\000C\000o\000r\000r\000e\000l\000a\000t\000i\000v\000e\000\040\000T\000e\000l\000e\000m\000e\000t\000r\000y\000\040\000M\000o\000d\000e\000l\000s}{section.85}% 62
\BOOKMARK [2][-]{subsection.90}{\376\377\0007\000.\0001\000.\0003\000\040\000A\000d\000\040\000H\000o\000c\000\040\000D\000i\000m\000e\000n\000s\000i\000o\000n\000a\000l\000i\000t\000y\000\040\000R\000e\000d\000u\000c\000t\000i\000o\000n\000\040\000T\000e\000c\000h\000n\000i\000q\000u\000e\000s}{section.85}% 63
\BOOKMARK [1][-]{section.91}{\376\377\0007\000.\0002\000\040\000T\000w\000o\000-\000D\000i\000m\000e\000n\000s\000i\000o\000n\000a\000l\000\040\000G\000r\000a\000p\000h\000\040\000E\000m\000b\000e\000d\000d\000i\000n\000g\000s}{chapter.84}% 64
\BOOKMARK [2][-]{subsection.92}{\376\377\0007\000.\0002\000.\0001\000\040\000U\000n\000d\000i\000r\000e\000c\000t\000e\000d\000\040\000D\000e\000p\000e\000n\000d\000e\000n\000c\000y\000\040\000G\000r\000a\000p\000h\000s}{section.91}% 65
\BOOKMARK [1][-]{section.103}{\376\377\0007\000.\0003\000\040\000T\000i\000m\000e\000\040\000C\000u\000r\000v\000e\000s}{chapter.84}% 66
\BOOKMARK [1][-]{section.105}{\376\377\0007\000.\0004\000\040\000A\000p\000p\000l\000y\000i\000n\000g\000\040\000T\000i\000m\000e\000\040\000C\000u\000r\000v\000e\000s\000\040\000t\000o\000\040\000S\000y\000s\000t\000e\000m\000\040\000T\000e\000l\000e\000m\000e\000t\000r\000y\000\040\000D\000a\000t\000a}{chapter.84}% 67
\BOOKMARK [1][-]{section.116}{\376\377\0007\000.\0005\000\040\000D\000i\000s\000c\000u\000s\000s\000i\000o\000n}{chapter.84}% 68
\BOOKMARK [0][-]{chapter.122}{\376\377\0008\000\040\000C\000o\000n\000c\000l\000u\000s\000i\000o\000n\000\040\000a\000n\000d\000\040\000F\000u\000t\000u\000r\000e\000\040\000W\000o\000r\000k}{}% 69
\BOOKMARK [1][-]{section.123}{\376\377\0008\000.\0001\000\040}{chapter.122}% 70
\BOOKMARK [1][-]{section.124}{\376\377\0008\000.\0002\000\040\000F\000u\000t\000u\000r\000e\000\040\000W\000o\000r\000k}{chapter.122}% 71
\BOOKMARK [0][-]{appendix.125}{\376\377\000A\000\040\000R\000e\000l\000e\000v\000a\000n\000t\000\040\000C\000o\000d\000e\000\040\000S\000a\000m\000p\000l\000e\000s}{}% 72
\BOOKMARK [1][-]{section.126}{\376\377\000A\000.\0001\000\040\000G\000e\000n\000e\000r\000a\000t\000i\000n\000g\000\040\000E\000x\000a\000m\000p\000l\000e\000\040\000C\000o\000r\000r\000g\000r\000a\000m\000s\000\040\000f\000o\000r\000\040\000P\000C\000C\000,\000\040\000K\000e\000n\000d\000a\000l\000l\000'\000s\000\040\000T\000a\000u\000,\000\040\000a\000n\000d\000\040\000S\000p\000e\000a\000r\000m\000a\000n\000'\000s\000\040\000R\000h\000o\000\040\000C\000o\000r\000r\000e\000l\000a\000t\000i\000o\000n\000s\000\040\000\050\000M\000A\000T\000L\000A\000B\000\051}{appendix.125}% 73
\BOOKMARK [1][-]{section.181}{\376\377\000A\000.\0002\000\040\000G\000e\000n\000e\000r\000a\000t\000i\000n\000g\000\040\000U\000n\000d\000i\000r\000e\000c\000t\000e\000d\000\040\000G\000r\000a\000p\000h\000\040\000f\000r\000o\000m\000\040\000F\000i\000l\000t\000e\000r\000e\000d\000\040\000C\000o\000r\000r\000e\000l\000a\000t\000i\000o\000n\000\040\000D\000a\000t\000a\000\040\000\050\000P\000y\000t\000h\000o\000n\000\051}{appendix.125}% 74
\BOOKMARK [1][-]{section.244}{\376\377\000A\000.\0003\000\040\000G\000e\000n\000e\000r\000a\000t\000i\000n\000g\000\040\000T\000i\000m\000e\000\040\000C\000u\000r\000v\000e\000\040\000D\000i\000s\000t\000a\000n\000c\000e\000\040\000M\000a\000t\000r\000i\000x\000\040\000f\000r\000o\000m\000\040\000R\000a\000w\000\040\000T\000e\000l\000e\000m\000e\000t\000r\000y\000\040\000\050\000P\000y\000t\000h\000o\000n\000\051}{appendix.125}% 75
\BOOKMARK [1][-]{section.458}{\376\377\000A\000.\0004\000\040\000G\000e\000n\000e\000r\000a\000t\000i\000n\000g\000\040\000C\000o\000r\000r\000e\000l\000a\000t\000e\000d\000\040\000D\000i\000s\000t\000a\000n\000c\000e\000\040\000M\000a\000t\000r\000i\000c\000e\000s\000\040\000f\000r\000o\000m\000\040\000B\000u\000c\000k\000e\000t\000e\000d\000\040\000T\000e\000l\000e\000m\000e\000t\000r\000y\000\040\000\050\000M\000A\000T\000L\000A\000B\000\051}{appendix.125}% 76
\BOOKMARK [0][-]{dummy.544}{\376\377\000B\000i\000b\000l\000i\000o\000g\000r\000a\000p\000h\000y}{}% 77
